<?xml version="1.0" encoding="UTF-8"?>
<testsuite name="TestSuite" time="77.521" tests="6" errors="0" skipped="0" failures="3">
  <properties>
[...]
</properties>
  <testcase name="addCustomerTest" classname="com.w2a.suite.bankmanager.testcases.AddCustomerTest" time="35.104"/>
  <testcase name="addCustomerTest" classname="com.w2a.suite.bankmanager.testcases.AddCustomerTest" time="35.987"/>
  <testcase name="addCustomerTest" classname="com.w2a.suite.bankmanager.testcases.AddCustomerTest" time="36.392"/>
  <testcase name="openAccountTest" classname="com.w2a.suite.bankmanager.testcases.OpenAccountTest" time="42.417">
    <failure message="Failing while clicking on the element process_CSS" type="java.lang.AssertionError">java.lang.AssertionError: Failing while clicking on the element process_CSS
	at org.testng.Assert.fail(Assert.java:93)
	at com.w2a.datadriven.base.TestBase.reportFailure(TestBase.java:192)
	at com.w2a.datadriven.base.TestBase.click(TestBase.java:214)
	at com.w2a.suite.bankmanager.testcases.OpenAccountTest.openAccountTest(OpenAccountTest.java:32)
</failure>
  </testcase>
  <testcase name="openAccountTest" classname="com.w2a.suite.bankmanager.testcases.OpenAccountTest" time="42.858">
    <failure message="Failing while clicking on the element process_CSS" type="java.lang.AssertionError">java.lang.AssertionError: Failing while clicking on the element process_CSS
	at org.testng.Assert.fail(Assert.java:93)
	at com.w2a.datadriven.base.TestBase.reportFailure(TestBase.java:192)
	at com.w2a.datadriven.base.TestBase.click(TestBase.java:214)
	at com.w2a.suite.bankmanager.testcases.OpenAccountTest.openAccountTest(OpenAccountTest.java:32)
</failure>
  </testcase>
  <testcase name="openAccountTest" classname="com.w2a.suite.bankmanager.testcases.OpenAccountTest" time="43.833">
    <failure message="Failing while clicking on the element process_CSS" type="java.lang.AssertionError">java.lang.AssertionError: Failing while clicking on the element process_CSS
	at org.testng.Assert.fail(Assert.java:93)
	at com.w2a.datadriven.base.TestBase.reportFailure(TestBase.java:192)
	at com.w2a.datadriven.base.TestBase.click(TestBase.java:214)
	at com.w2a.suite.bankmanager.testcases.OpenAccountTest.openAccountTest(OpenAccountTest.java:32)
</failure>
  </testcase>
</testsuite>