<?xml version="1.0" encoding="UTF-8"?>
<!-- Generated by org.testng.reporters.JUnitXMLReporter -->
<testsuite hostname="Sandeeps-MacBook-Air.local" ignored="0" name="AddCustomerTest" tests="3" failures="0" timestamp="15 Dec 2018 21:54:07 GMT" time="37.466" errors="0">
  <testcase name="addCustomerTest" time="35.094" classname="com.w2a.suite.bankmanager.testcases.AddCustomerTest"/>
  <testcase name="addCustomerTest" time="35.994" classname="com.w2a.suite.bankmanager.testcases.AddCustomerTest"/>
  <testcase name="addCustomerTest" time="36.399" classname="com.w2a.suite.bankmanager.testcases.AddCustomerTest"/>
</testsuite> <!-- AddCustomerTest -->
